{"meta": {"format": 3, "version": "7.13.1", "timestamp": "2025-12-29T10:43:31.275628", "branch_coverage": false, "show_contexts": false}, "files": {"src/hierarchical/__init__.py": {"executed_lines": [15, 20, 22, 23, 25], "summary": {"covered_lines": 5, "num_statements": 5, "percent_covered": 100.0, "percent_covered_display": "100", "missing_lines": 0, "excluded_lines": 0, "percent_statements_covered": 100.0, "percent_statements_covered_display": "100"}, "missing_lines": [], "excluded_lines": [], "functions": {"": {"executed_lines": [15, 20, 22, 23, 25], "summary": {"covered_lines": 5, "num_statements": 5, "percent_covered": 100.0, "percent_covered_display": "100", "missing_lines": 0, "excluded_lines": 0, "percent_statements_covered": 100.0, "percent_statements_covered_display": "100"}, "missing_lines": [], "excluded_lines": [], "start_line": 1}}, "classes": {"": {"executed_lines": [15, 20, 22, 23, 25], "summary": {"covered_lines": 5, "num_statements": 5, "percent_covered": 100.0, "percent_covered_display": "100", "missing_lines": 0, "excluded_lines": 0, "percent_statements_covered": 100.0, "percent_statements_covered_display": "100"}, "missing_lines": [], "excluded_lines": [], "start_line": 1}}}, "src/hierarchical/config.py": {"executed_lines": [19, 20, 21, 23, 26, 29, 32, 53, 54, 56, 57, 59, 61, 62, 69, 70, 72, 75, 84, 86, 87, 90, 103, 104, 106, 107, 108, 112, 114, 117, 118, 120, 123, 129, 130, 133, 139, 140, 143, 149, 150], "summary": {"covered_lines": 41, "num_statements": 41, "percent_covered": 100.0, "percent_covered_display": "100", "missing_lines": 0, "excluded_lines": 0, "percent_statements_covered": 100.0, "percent_statements_covered_display": "100"}, "missing_lines": [], "excluded_lines": [], "functions": {"load_config": {"executed_lines": [53, 54, 56, 57, 59, 61, 62, 69, 70, 72], "summary": {"covered_lines": 10, "num_statements": 10, "percent_covered": 100.0, "percent_covered_display": "100", "missing_lines": 0, "excluded_lines": 0, "percent_statements_covered": 100.0, "percent_statements_covered_display": "100"}, "missing_lines": [], "excluded_lines": [], "start_line": 32}, "get_config": {"executed_lines": [84, 86, 87], "summary": {"covered_lines": 3, "num_statements": 3, "percent_covered": 100.0, "percent_covered_display": "100", "missing_lines": 0, "excluded_lines": 0, "percent_statements_covered": 100.0, "percent_statements_covered_display": "100"}, "missing_lines": [], "excluded_lines": [], "start_line": 75}, "get_path": {"executed_lines": [103, 104, 106, 107, 108, 112, 114, 117, 118, 120], "summary": {"covered_lines": 10, "num_statements": 10, "percent_covered": 100.0, "percent_covered_display": "100", "missing_lines": 0, "excluded_lines": 0, "percent_statements_covered": 100.0, "percent_statements_covered_display": "100"}, "missing_lines": [], "excluded_lines": [], "start_line": 90}, "get_banks": {"executed_lines": [129, 130], "summary": {"covered_lines": 2, "num_statements": 2, "percent_covered": 100.0, "percent_covered_display": "100", "missing_lines": 0, "excluded_lines": 0, "percent_statements_covered": 100.0, "percent_statements_covered_display": "100"}, "missing_lines": [], "excluded_lines": [], "start_line": 123}, "get_model_config": {"executed_lines": [139, 140], "summary": {"covered_lines": 2, "num_statements": 2, "percent_covered": 100.0, "percent_covered_display": "100", "missing_lines": 0, "excluded_lines": 0, "percent_statements_covered": 100.0, "percent_statements_covered_display": "100"}, "missing_lines": [], "excluded_lines": [], "start_line": 133}, "get_training_config": {"executed_lines": [149, 150], "summary": {"covered_lines": 2, "num_statements": 2, "percent_covered": 100.0, "percent_covered_display": "100", "missing_lines": 0, "excluded_lines": 0, "percent_statements_covered": 100.0, "percent_statements_covered_display": "100"}, "missing_lines": [], "excluded_lines": [], "start_line": 143}, "": {"executed_lines": [19, 20, 21, 23, 26, 29, 32, 75, 90, 123, 133, 143], "summary": {"covered_lines": 12, "num_statements": 12, "percent_covered": 100.0, "percent_covered_display": "100", "missing_lines": 0, "excluded_lines": 0, "percent_statements_covered": 100.0, "percent_statements_covered_display": "100"}, "missing_lines": [], "excluded_lines": [], "start_line": 1}}, "classes": {"": {"executed_lines": [19, 20, 21, 23, 26, 29, 32, 53, 54, 56, 57, 59, 61, 62, 69, 70, 72, 75, 84, 86, 87, 90, 103, 104, 106, 107, 108, 112, 114, 117, 118, 120, 123, 129, 130, 133, 139, 140, 143, 149, 150], "summary": {"covered_lines": 41, "num_statements": 41, "percent_covered": 100.0, "percent_covered_display": "100", "missing_lines": 0, "excluded_lines": 0, "percent_statements_covered": 100.0, "percent_statements_covered_display": "100"}, "missing_lines": [], "excluded_lines": [], "start_line": 1}}}, "src/hierarchical/data/__init__.py": {"executed_lines": [3, 4, 10, 15, 17, 19], "summary": {"covered_lines": 6, "num_statements": 6, "percent_covered": 100.0, "percent_covered_display": "100", "missing_lines": 0, "excluded_lines": 0, "percent_statements_covered": 100.0, "percent_statements_covered_display": "100"}, "missing_lines": [], "excluded_lines": [], "functions": {"": {"executed_lines": [3, 4, 10, 15, 17, 19], "summary": {"covered_lines": 6, "num_statements": 6, "percent_covered": 100.0, "percent_covered_display": "100", "missing_lines": 0, "excluded_lines": 0, "percent_statements_covered": 100.0, "percent_statements_covered_display": "100"}, "missing_lines": [], "excluded_lines": [], "start_line": 1}}, "classes": {"": {"executed_lines": [3, 4, 10, 15, 17, 19], "summary": {"covered_lines": 6, "num_statements": 6, "percent_covered": 100.0, "percent_covered_display": "100", "missing_lines": 0, "excluded_lines": 0, "percent_statements_covered": 100.0, "percent_statements_covered_display": "100"}, "missing_lines": [], "excluded_lines": [], "start_line": 1}}}, "src/hierarchical/data/balance.py": {"executed_lines": [3, 4, 5, 6, 8, 9, 11, 14, 33, 36, 39, 40, 43, 45, 48, 54, 55, 57, 58, 60, 62, 66, 67, 70, 71, 74, 80, 81, 82, 83, 87, 92, 95, 96, 97, 103, 105, 108, 111, 112, 113, 114, 115, 116, 117, 118, 119, 122, 123, 124, 125, 126, 127, 131, 134, 139, 140, 143, 144, 149, 151, 155, 168, 169, 173, 174, 176, 178, 181, 187, 194, 195, 196, 197, 205, 208, 209, 211, 214, 219, 222, 227, 230, 231, 233, 236, 253, 261, 262, 267, 271, 274, 277, 282, 284, 287, 294, 308, 309, 310, 313, 314, 321, 322, 323, 325, 330, 331, 332, 333, 336, 337, 338, 340, 345, 359, 360, 361, 363, 379, 380, 381, 384, 386, 387, 388, 389, 392, 393, 396, 414, 415, 417, 418, 428, 431, 434, 435, 437, 438, 440, 442, 443, 445, 455, 456, 458, 459, 461, 463, 464, 465, 466, 468, 470, 475, 476, 477, 478], "summary": {"covered_lines": 159, "num_statements": 176, "percent_covered": 90.3409090909091, "percent_covered_display": "90", "missing_lines": 17, "excluded_lines": 0, "percent_statements_covered": 90.3409090909091, "percent_statements_covered_display": "90"}, "missing_lines": [61, 63, 84, 128, 129, 152, 170, 263, 264, 265, 268, 327, 382, 394, 429, 462, 467], "excluded_lines": [], "functions": {"calculate_balance_per_transaction": {"executed_lines": [33, 36, 39, 40, 43, 45], "summary": {"covered_lines": 6, "num_statements": 6, "percent_covered": 100.0, "percent_covered_display": "100", "missing_lines": 0, "excluded_lines": 0, "percent_statements_covered": 100.0, "percent_statements_covered_display": "100"}, "missing_lines": [], "excluded_lines": [], "start_line": 14}, "_prepare_inputs": {"executed_lines": [54, 55, 57, 58, 60, 62, 66, 67, 70, 71, 74, 80, 81, 82, 83, 87, 92, 95, 96, 97, 103, 105], "summary": {"covered_lines": 22, "num_statements": 25, "percent_covered": 88.0, "percent_covered_display": "88", "missing_lines": 3, "excluded_lines": 0, "percent_statements_covered": 88.0, "percent_statements_covered_display": "88"}, "missing_lines": [61, 63, 84], "excluded_lines": [], "start_line": 48}, "_normalize_amounts": {"executed_lines": [111, 112, 113, 114, 115, 116, 117, 118, 119, 122, 123, 124, 125, 126, 127, 131], "summary": {"covered_lines": 16, "num_statements": 18, "percent_covered": 88.88888888888889, "percent_covered_display": "89", "missing_lines": 2, "excluded_lines": 0, "percent_statements_covered": 88.88888888888889, "percent_statements_covered_display": "89"}, "missing_lines": [128, 129], "excluded_lines": [], "start_line": 108}, "_add_pending_transactions": {"executed_lines": [139, 140, 143, 144, 149, 151, 155, 168, 169, 173, 174, 176, 178], "summary": {"covered_lines": 13, "num_statements": 15, "percent_covered": 86.66666666666667, "percent_covered_display": "87", "missing_lines": 2, "excluded_lines": 0, "percent_statements_covered": 86.66666666666667, "percent_statements_covered_display": "87"}, "missing_lines": [152, 170], "excluded_lines": [], "start_line": 134}, "_calculate_running_balance": {"executed_lines": [187, 194, 195, 196, 197, 205, 208, 209, 211, 214, 219, 222, 227, 230, 231, 233], "summary": {"covered_lines": 16, "num_statements": 16, "percent_covered": 100.0, "percent_covered_display": "100", "missing_lines": 0, "excluded_lines": 0, "percent_statements_covered": 100.0, "percent_statements_covered_display": "100"}, "missing_lines": [], "excluded_lines": [], "start_line": 181}, "calculate_daily_balances": {"executed_lines": [253, 261, 262, 267, 271, 274, 277, 282, 284], "summary": {"covered_lines": 9, "num_statements": 13, "percent_covered": 69.23076923076923, "percent_covered_display": "69", "missing_lines": 4, "excluded_lines": 0, "percent_statements_covered": 69.23076923076923, "percent_statements_covered_display": "69"}, "missing_lines": [263, 264, 265, 268], "excluded_lines": [], "start_line": 236}, "BalanceFeatureExtractor.__init__": {"executed_lines": [308, 309, 310, 313, 314, 321, 322, 323, 325, 330, 331, 332, 333, 336, 337, 338, 340], "summary": {"covered_lines": 17, "num_statements": 18, "percent_covered": 94.44444444444444, "percent_covered_display": "94", "missing_lines": 1, "excluded_lines": 0, "percent_statements_covered": 94.44444444444444, "percent_statements_covered_display": "94"}, "missing_lines": [327], "excluded_lines": [], "start_line": 294}, "BalanceFeatureExtractor.get_daily_balance": {"executed_lines": [359, 360, 361], "summary": {"covered_lines": 3, "num_statements": 3, "percent_covered": 100.0, "percent_covered_display": "100", "missing_lines": 0, "excluded_lines": 0, "percent_statements_covered": 100.0, "percent_statements_covered_display": "100"}, "missing_lines": [], "excluded_lines": [], "start_line": 345}, "BalanceFeatureExtractor.get_starting_balance": {"executed_lines": [379, 380, 381, 384, 386, 387, 388, 389, 392, 393], "summary": {"covered_lines": 10, "num_statements": 12, "percent_covered": 83.33333333333333, "percent_covered_display": "83", "missing_lines": 2, "excluded_lines": 0, "percent_statements_covered": 83.33333333333333, "percent_statements_covered_display": "83"}, "missing_lines": [382, 394], "excluded_lines": [], "start_line": 363}, "BalanceFeatureExtractor.get_window_stats": {"executed_lines": [414, 415, 417, 418, 428, 431, 434, 435, 437, 438, 440, 442, 443, 445], "summary": {"covered_lines": 14, "num_statements": 15, "percent_covered": 93.33333333333333, "percent_covered_display": "93", "missing_lines": 1, "excluded_lines": 0, "percent_statements_covered": 93.33333333333333, "percent_statements_covered_display": "93"}, "missing_lines": [429], "excluded_lines": [], "start_line": 396}, "BalanceFeatureExtractor._normalize_date": {"executed_lines": [458, 459, 461, 463, 464, 465, 466, 468], "summary": {"covered_lines": 8, "num_statements": 10, "percent_covered": 80.0, "percent_covered_display": "80", "missing_lines": 2, "excluded_lines": 0, "percent_statements_covered": 80.0, "percent_statements_covered_display": "80"}, "missing_lines": [462, 467], "excluded_lines": [], "start_line": 456}, "BalanceFeatureExtractor.normalize_balance": {"executed_lines": [475, 476, 477, 478], "summary": {"covered_lines": 4, "num_statements": 4, "percent_covered": 100.0, "percent_covered_display": "100", "missing_lines": 0, "excluded_lines": 0, "percent_statements_covered": 100.0, "percent_statements_covered_display": "100"}, "missing_lines": [], "excluded_lines": [], "start_line": 470}, "": {"executed_lines": [3, 4, 5, 6, 8, 9, 11, 14, 48, 108, 134, 181, 236, 287, 294, 345, 363, 396, 455, 456, 470], "summary": {"covered_lines": 21, "num_statements": 21, "percent_covered": 100.0, "percent_covered_display": "100", "missing_lines": 0, "excluded_lines": 0, "percent_statements_covered": 100.0, "percent_statements_covered_display": "100"}, "missing_lines": [], "excluded_lines": [], "start_line": 1}}, "classes": {"BalanceFeatureExtractor": {"executed_lines": [308, 309, 310, 313, 314, 321, 322, 323, 325, 330, 331, 332, 333, 336, 337, 338, 340, 359, 360, 361, 379, 380, 381, 384, 386, 387, 388, 389, 392, 393, 414, 415, 417, 418, 428, 431, 434, 435, 437, 438, 440, 442, 443, 445, 458, 459, 461, 463, 464, 465, 466, 468, 475, 476, 477, 478], "summary": {"covered_lines": 56, "num_statements": 62, "percent_covered": 90.3225806451613, "percent_covered_display": "90", "missing_lines": 6, "excluded_lines": 0, "percent_statements_covered": 90.3225806451613, "percent_statements_covered_display": "90"}, "missing_lines": [327, 382, 394, 429, 462, 467], "excluded_lines": [], "start_line": 287}, "": {"executed_lines": [3, 4, 5, 6, 8, 9, 11, 14, 33, 36, 39, 40, 43, 45, 48, 54, 55, 57, 58, 60, 62, 66, 67, 70, 71, 74, 80, 81, 82, 83, 87, 92, 95, 96, 97, 103, 105, 108, 111, 112, 113, 114, 115, 116, 117, 118, 119, 122, 123, 124, 125, 126, 127, 131, 134, 139, 140, 143, 144, 149, 151, 155, 168, 169, 173, 174, 176, 178, 181, 187, 194, 195, 196, 197, 205, 208, 209, 211, 214, 219, 222, 227, 230, 231, 233, 236, 253, 261, 262, 267, 271, 274, 277, 282, 284, 287, 294, 345, 363, 396, 455, 456, 470], "summary": {"covered_lines": 103, "num_statements": 114, "percent_covered": 90.35087719298245, "percent_covered_display": "90", "missing_lines": 11, "excluded_lines": 0, "percent_statements_covered": 90.35087719298245, "percent_statements_covered_display": "90"}, "missing_lines": [61, 63, 84, 128, 129, 152, 170, 263, 264, 265, 268], "excluded_lines": [], "start_line": 1}}}, "src/hierarchical/data/dataset.py": {"executed_lines": [3, 4, 5, 7, 8, 9, 10, 12, 14, 17, 23, 50, 51, 52, 53, 55, 61, 62, 65, 68, 71, 74, 77, 80, 81, 82, 83, 84, 86, 88, 89, 91, 93, 94, 95, 97, 98, 99, 101, 104, 108, 112, 118, 119, 121, 122, 123, 124, 125, 127, 128, 130, 141, 142, 143, 146, 147, 150, 153, 154, 156, 158, 159, 164, 165, 168, 169, 171, 174, 175, 178, 179, 180, 182, 188, 190, 197, 207, 208, 211, 212, 213, 214, 215, 216, 217, 218, 221, 222, 225, 226, 227, 228, 229, 230, 231, 232, 233, 234, 235, 236, 238, 239, 249, 250, 252, 254, 255, 257, 258, 259, 260, 262, 263, 264, 266, 270, 271, 272, 274, 275, 277, 278, 279, 281, 285, 286, 288, 289, 290, 293, 294, 296, 299, 300, 301, 302, 304, 305, 307, 308, 310, 312, 314, 315, 317], "summary": {"covered_lines": 146, "num_statements": 153, "percent_covered": 95.42483660130719, "percent_covered_display": "95", "missing_lines": 7, "excluded_lines": 0, "percent_statements_covered": 95.42483660130719, "percent_statements_covered_display": "95"}, "missing_lines": [66, 67, 100, 151, 170, 172, 295], "excluded_lines": [], "functions": {"HierarchicalDataset.__init__": {"executed_lines": [50, 51, 52, 53, 55, 61, 62, 65, 68, 71, 74, 77, 80, 81, 82, 83, 84, 86], "summary": {"covered_lines": 18, "num_statements": 20, "percent_covered": 90.0, "percent_covered_display": "90", "missing_lines": 2, "excluded_lines": 0, "percent_statements_covered": 90.0, "percent_statements_covered_display": "90"}, "missing_lines": [66, 67], "excluded_lines": [], "start_line": 23}, "HierarchicalDataset.__len__": {"executed_lines": [89], "summary": {"covered_lines": 1, "num_statements": 1, "percent_covered": 100.0, "percent_covered_display": "100", "missing_lines": 0, "excluded_lines": 0, "percent_statements_covered": 100.0, "percent_statements_covered_display": "100"}, "missing_lines": [], "excluded_lines": [], "start_line": 88}, "HierarchicalDataset._pack_stream": {"executed_lines": [93, 94, 95, 97, 104, 108, 112, 118, 119, 121, 122, 123, 124, 125, 127, 128, 130], "summary": {"covered_lines": 17, "num_statements": 17, "percent_covered": 100.0, "percent_covered_display": "100", "missing_lines": 0, "excluded_lines": 0, "percent_statements_covered": 100.0, "percent_statements_covered_display": "100"}, "missing_lines": [], "excluded_lines": [], "start_line": 91}, "HierarchicalDataset._pack_stream.get_col": {"executed_lines": [98, 99, 101], "summary": {"covered_lines": 3, "num_statements": 4, "percent_covered": 75.0, "percent_covered_display": "75", "missing_lines": 1, "excluded_lines": 0, "percent_statements_covered": 75.0, "percent_statements_covered_display": "75"}, "missing_lines": [100], "excluded_lines": [], "start_line": 97}, "HierarchicalDataset.__getitem__": {"executed_lines": [142, 143, 146, 147, 150, 153, 154, 156, 158, 159, 164, 165, 168, 169, 171, 174, 175, 178, 179, 180, 182, 188, 190], "summary": {"covered_lines": 23, "num_statements": 26, "percent_covered": 88.46153846153847, "percent_covered_display": "88", "missing_lines": 3, "excluded_lines": 0, "percent_statements_covered": 88.46153846153847, "percent_statements_covered_display": "88"}, "missing_lines": [151, 170, 172], "excluded_lines": [], "start_line": 141}, "collate_hierarchical": {"executed_lines": [207, 208, 211, 212, 213, 214, 215, 216, 217, 218, 221, 222, 225, 226, 227, 228, 229, 230, 231, 232, 233, 234, 235, 236, 238, 254, 255, 257, 258, 259, 260, 262, 263, 264, 266, 270, 271, 272, 274, 275, 277, 278, 279, 281, 314, 315, 317], "summary": {"covered_lines": 47, "num_statements": 47, "percent_covered": 100.0, "percent_covered_display": "100", "missing_lines": 0, "excluded_lines": 0, "percent_statements_covered": 100.0, "percent_statements_covered_display": "100"}, "missing_lines": [], "excluded_lines": [], "start_line": 197}, "collate_hierarchical.init_stream_tensors": {"executed_lines": [239, 249, 250, 252], "summary": {"covered_lines": 4, "num_statements": 4, "percent_covered": 100.0, "percent_covered_display": "100", "missing_lines": 0, "excluded_lines": 0, "percent_statements_covered": 100.0, "percent_statements_covered_display": "100"}, "missing_lines": [], "excluded_lines": [], "start_line": 238}, "collate_hierarchical.fill_stream": {"executed_lines": [285, 286, 288, 289, 290, 293, 299, 300, 301, 302, 304, 305, 307, 308, 310, 312], "summary": {"covered_lines": 16, "num_statements": 16, "percent_covered": 100.0, "percent_covered_display": "100", "missing_lines": 0, "excluded_lines": 0, "percent_statements_covered": 100.0, "percent_statements_covered_display": "100"}, "missing_lines": [], "excluded_lines": [], "start_line": 281}, "collate_hierarchical.fill_stream.as_tensor": {"executed_lines": [294, 296], "summary": {"covered_lines": 2, "num_statements": 3, "percent_covered": 66.66666666666667, "percent_covered_display": "67", "missing_lines": 1, "excluded_lines": 0, "percent_statements_covered": 66.66666666666667, "percent_statements_covered_display": "67"}, "missing_lines": [295], "excluded_lines": [], "start_line": 293}, "": {"executed_lines": [3, 4, 5, 7, 8, 9, 10, 12, 14, 17, 23, 88, 91, 141, 197], "summary": {"covered_lines": 15, "num_statements": 15, "percent_covered": 100.0, "percent_covered_display": "100", "missing_lines": 0, "excluded_lines": 0, "percent_statements_covered": 100.0, "percent_statements_covered_display": "100"}, "missing_lines": [], "excluded_lines": [], "start_line": 1}}, "classes": {"HierarchicalDataset": {"executed_lines": [50, 51, 52, 53, 55, 61, 62, 65, 68, 71, 74, 77, 80, 81, 82, 83, 84, 86, 89, 93, 94, 95, 97, 98, 99, 101, 104, 108, 112, 118, 119, 121, 122, 123, 124, 125, 127, 128, 130, 142, 143, 146, 147, 150, 153, 154, 156, 158, 159, 164, 165, 168, 169, 171, 174, 175, 178, 179, 180, 182, 188, 190], "summary": {"covered_lines": 62, "num_statements": 68, "percent_covered": 91.17647058823529, "percent_covered_display": "91", "missing_lines": 6, "excluded_lines": 0, "percent_statements_covered": 91.17647058823529, "percent_statements_covered_display": "91"}, "missing_lines": [66, 67, 100, 151, 170, 172], "excluded_lines": [], "start_line": 17}, "": {"executed_lines": [3, 4, 5, 7, 8, 9, 10, 12, 14, 17, 23, 88, 91, 141, 197, 207, 208, 211, 212, 213, 214, 215, 216, 217, 218, 221, 222, 225, 226, 227, 228, 229, 230, 231, 232, 233, 234, 235, 236, 238, 239, 249, 250, 252, 254, 255, 257, 258, 259, 260, 262, 263, 264, 266, 270, 271, 272, 274, 275, 277, 278, 279, 281, 285, 286, 288, 289, 290, 293, 294, 296, 299, 300, 301, 302, 304, 305, 307, 308, 310, 312, 314, 315, 317], "summary": {"covered_lines": 84, "num_statements": 85, "percent_covered": 98.82352941176471, "percent_covered_display": "99", "missing_lines": 1, "excluded_lines": 0, "percent_statements_covered": 98.82352941176471, "percent_statements_covered_display": "99"}, "missing_lines": [295], "excluded_lines": [], "start_line": 1}}}, "src/hierarchical/data/financial_flags.py": {"executed_lines": [17, 18, 19, 20, 21, 22, 23, 30, 32, 33, 34, 35, 38, 40, 41, 43, 47, 50, 57, 58, 59, 66, 68, 70, 73, 74, 75, 79, 82, 83, 84, 86, 89, 91, 94, 96, 97, 99, 102, 104, 107, 109, 110, 112, 115, 128, 129, 130, 132, 135, 144, 145, 146, 149, 150, 151, 153, 155, 158, 160, 163, 169, 171, 178, 201, 203, 206, 207, 210, 212, 213, 214, 217, 218, 219, 222, 224, 227, 231, 232, 233, 236, 239, 247, 249, 250, 251, 252, 253, 254, 255, 257, 258, 259, 260, 272, 305, 306, 307, 309, 312, 317, 318, 320, 325, 332, 333, 334, 335, 342, 343, 344, 346, 350, 351, 354, 356, 360, 361, 364, 365, 366, 369, 372, 375, 376, 377, 378, 382, 383, 384, 387, 388, 389, 401, 403, 404, 405, 406, 408, 409, 416, 429, 430, 431, 434, 437, 438, 439, 440, 443, 444, 445, 446, 447, 450, 451, 452, 455, 456, 457, 460, 463, 464, 467, 470, 471, 472, 477, 478, 479, 487, 490, 495, 496, 497, 505, 508, 510, 511, 512, 513, 517, 522, 524, 525, 526, 529], "summary": {"covered_lines": 188, "num_statements": 220, "percent_covered": 85.45454545454545, "percent_covered_display": "85", "missing_lines": 32, "excluded_lines": 0, "percent_statements_covered": 85.45454545454545, "percent_statements_covered_display": "85"}, "missing_lines": [76, 225, 264, 265, 308, 313, 314, 321, 322, 336, 337, 338, 339, 347, 348, 357, 370, 473, 474, 480, 482, 483, 484, 502, 515, 518, 519, 520, 530, 531, 532, 534], "excluded_lines": [], "functions": {"load_config": {"executed_lines": [32, 33, 34, 35], "summary": {"covered_lines": 4, "num_statements": 4, "percent_covered": 100.0, "percent_covered_display": "100", "missing_lines": 0, "excluded_lines": 0, "percent_statements_covered": 100.0, "percent_statements_covered_display": "100"}, "missing_lines": [], "excluded_lines": [], "start_line": 30}, "get_target_subcategories": {"executed_lines": [40, 41, 43, 47], "summary": {"covered_lines": 4, "num_statements": 4, "percent_covered": 100.0, "percent_covered_display": "100", "missing_lines": 0, "excluded_lines": 0, "percent_statements_covered": 100.0, "percent_statements_covered_display": "100"}, "missing_lines": [], "excluded_lines": [], "start_line": 38}, "generate_flag_name": {"executed_lines": [57, 58, 59], "summary": {"covered_lines": 3, "num_statements": 3, "percent_covered": 100.0, "percent_covered_display": "100", "missing_lines": 0, "excluded_lines": 0, "percent_statements_covered": 100.0, "percent_statements_covered_display": "100"}, "missing_lines": [], "excluded_lines": [], "start_line": 50}, "load_transactions": {"executed_lines": [68, 70, 73, 74, 75, 79, 82, 83, 84, 86], "summary": {"covered_lines": 10, "num_statements": 11, "percent_covered": 90.9090909090909, "percent_covered_display": "91", "missing_lines": 1, "excluded_lines": 0, "percent_statements_covered": 90.9090909090909, "percent_statements_covered_display": "91"}, "missing_lines": [76], "excluded_lines": [], "start_line": 66}, "load_accounts": {"executed_lines": [91, 94, 96, 97, 99], "summary": {"covered_lines": 5, "num_statements": 5, "percent_covered": 100.0, "percent_covered_display": "100", "missing_lines": 0, "excluded_lines": 0, "percent_statements_covered": 100.0, "percent_statements_covered_display": "100"}, "missing_lines": [], "excluded_lines": [], "start_line": 89}, "load_recurring_patterns": {"executed_lines": [104, 107, 109, 110, 112], "summary": {"covered_lines": 5, "num_statements": 5, "percent_covered": 100.0, "percent_covered_display": "100", "missing_lines": 0, "excluded_lines": 0, "percent_statements_covered": 100.0, "percent_statements_covered_display": "100"}, "missing_lines": [], "excluded_lines": [], "start_line": 102}, "filter_transactions": {"executed_lines": [128, 129, 130, 132, 135, 144, 145, 146, 149, 150, 151, 153, 155], "summary": {"covered_lines": 13, "num_statements": 13, "percent_covered": 100.0, "percent_covered_display": "100", "missing_lines": 0, "excluded_lines": 0, "percent_statements_covered": 100.0, "percent_statements_covered_display": "100"}, "missing_lines": [], "excluded_lines": [], "start_line": 115}, "enrich_with_categories": {"executed_lines": [160, 163, 169, 171], "summary": {"covered_lines": 4, "num_statements": 4, "percent_covered": 100.0, "percent_covered_display": "100", "missing_lines": 0, "excluded_lines": 0, "percent_statements_covered": 100.0, "percent_statements_covered_display": "100"}, "missing_lines": [], "excluded_lines": [], "start_line": 158}, "detect_emerging": {"executed_lines": [201, 203, 206, 207, 210, 212, 213, 214, 217, 218, 219, 222, 224, 227, 231, 232, 233, 236, 239, 247, 249, 250, 251, 252, 253, 254, 255, 257, 258, 259, 260], "summary": {"covered_lines": 31, "num_statements": 34, "percent_covered": 91.17647058823529, "percent_covered_display": "91", "missing_lines": 3, "excluded_lines": 0, "percent_statements_covered": 91.17647058823529, "percent_statements_covered_display": "91"}, "missing_lines": [225, 264, 265], "excluded_lines": [], "start_line": 178}, "detect_skipped_payment": {"executed_lines": [305, 306, 307, 309, 312, 317, 318, 320, 325, 332, 333, 334, 335, 342, 343, 344, 346, 350, 351, 354, 356, 360, 361, 364, 365, 366, 369, 372, 375, 376, 377, 378, 382, 383, 384, 387, 388, 389, 401, 403, 404, 405, 406, 408, 409], "summary": {"covered_lines": 45, "num_statements": 58, "percent_covered": 77.58620689655173, "percent_covered_display": "78", "missing_lines": 13, "excluded_lines": 0, "percent_statements_covered": 77.58620689655173, "percent_statements_covered_display": "78"}, "missing_lines": [308, 313, 314, 321, 322, 336, 337, 338, 339, 347, 348, 357, 370], "excluded_lines": [], "start_line": 272}, "main": {"executed_lines": [429, 430, 431, 434, 437, 438, 439, 440, 443, 444, 445, 446, 447, 450, 451, 452, 455, 456, 457, 460, 463, 464, 467, 470, 471, 472, 477, 478, 479, 487, 490, 495, 496, 497, 505, 508, 510, 511, 512, 513, 517, 522, 524, 525, 526], "summary": {"covered_lines": 45, "num_statements": 56, "percent_covered": 80.35714285714286, "percent_covered_display": "80", "missing_lines": 11, "excluded_lines": 0, "percent_statements_covered": 80.35714285714286, "percent_statements_covered_display": "80"}, "missing_lines": [473, 474, 480, 482, 483, 484, 502, 515, 518, 519, 520], "excluded_lines": [], "start_line": 416}, "": {"executed_lines": [17, 18, 19, 20, 21, 22, 23, 30, 38, 50, 66, 89, 102, 115, 158, 178, 272, 416, 529], "summary": {"covered_lines": 19, "num_statements": 23, "percent_covered": 82.6086956521739, "percent_covered_display": "83", "missing_lines": 4, "excluded_lines": 0, "percent_statements_covered": 82.6086956521739, "percent_statements_covered_display": "83"}, "missing_lines": [530, 531, 532, 534], "excluded_lines": [], "start_line": 1}}, "classes": {"": {"executed_lines": [17, 18, 19, 20, 21, 22, 23, 30, 32, 33, 34, 35, 38, 40, 41, 43, 47, 50, 57, 58, 59, 66, 68, 70, 73, 74, 75, 79, 82, 83, 84, 86, 89, 91, 94, 96, 97, 99, 102, 104, 107, 109, 110, 112, 115, 128, 129, 130, 132, 135, 144, 145, 146, 149, 150, 151, 153, 155, 158, 160, 163, 169, 171, 178, 201, 203, 206, 207, 210, 212, 213, 214, 217, 218, 219, 222, 224, 227, 231, 232, 233, 236, 239, 247, 249, 250, 251, 252, 253, 254, 255, 257, 258, 259, 260, 272, 305, 306, 307, 309, 312, 317, 318, 320, 325, 332, 333, 334, 335, 342, 343, 344, 346, 350, 351, 354, 356, 360, 361, 364, 365, 366, 369, 372, 375, 376, 377, 378, 382, 383, 384, 387, 388, 389, 401, 403, 404, 405, 406, 408, 409, 416, 429, 430, 431, 434, 437, 438, 439, 440, 443, 444, 445, 446, 447, 450, 451, 452, 455, 456, 457, 460, 463, 464, 467, 470, 471, 472, 477, 478, 479, 487, 490, 495, 496, 497, 505, 508, 510, 511, 512, 513, 517, 522, 524, 525, 526, 529], "summary": {"covered_lines": 188, "num_statements": 220, "percent_covered": 85.45454545454545, "percent_covered_display": "85", "missing_lines": 32, "excluded_lines": 0, "percent_statements_covered": 85.45454545454545, "percent_statements_covered_display": "85"}, "missing_lines": [76, 225, 264, 265, 308, 313, 314, 321, 322, 336, 337, 338, 339, 347, 348, 357, 370, 473, 474, 480, 482, 483, 484, 502, 515, 518, 519, 520, 530, 531, 532, 534], "excluded_lines": [], "start_line": 1}}}, "src/hierarchical/data/loader.py": {"executed_lines": [3, 6, 17, 21, 23, 24, 27, 29, 32, 33, 35, 38, 47, 48, 51, 69, 70, 72, 74, 75, 77, 79, 80, 81, 84, 88, 90, 91, 92, 95, 96, 99, 100, 101, 103, 109, 111, 114, 115, 116, 121, 122, 124, 125, 126, 128, 133], "summary": {"covered_lines": 47, "num_statements": 52, "percent_covered": 90.38461538461539, "percent_covered_display": "90", "missing_lines": 5, "excluded_lines": 0, "percent_statements_covered": 90.38461538461539, "percent_statements_covered_display": "90"}, "missing_lines": [18, 28, 30, 112, 118], "excluded_lines": [], "functions": {"load_transactions": {"executed_lines": [17, 21, 23, 24, 27, 29, 32, 33, 35], "summary": {"covered_lines": 9, "num_statements": 12, "percent_covered": 75.0, "percent_covered_display": "75", "missing_lines": 3, "excluded_lines": 0, "percent_statements_covered": 75.0, "percent_statements_covered_display": "75"}, "missing_lines": [18, 28, 30], "excluded_lines": [], "start_line": 6}, "load_accounts": {"executed_lines": [47, 48], "summary": {"covered_lines": 2, "num_statements": 2, "percent_covered": 100.0, "percent_covered_display": "100", "missing_lines": 0, "excluded_lines": 0, "percent_statements_covered": 100.0, "percent_statements_covered_display": "100"}, "missing_lines": [], "excluded_lines": [], "start_line": 38}, "load_joint_bank_data": {"executed_lines": [69, 70, 72, 74, 75, 77, 79, 80, 81, 84, 88, 90, 91, 92, 95, 96, 99, 100, 101, 103, 109, 111, 114, 115, 116, 121, 122, 124, 125, 126, 128, 133], "summary": {"covered_lines": 32, "num_statements": 34, "percent_covered": 94.11764705882354, "percent_covered_display": "94", "missing_lines": 2, "excluded_lines": 0, "percent_statements_covered": 94.11764705882354, "percent_statements_covered_display": "94"}, "missing_lines": [112, 118], "excluded_lines": [], "start_line": 51}, "": {"executed_lines": [3, 6, 38, 51], "summary": {"covered_lines": 4, "num_statements": 4, "percent_covered": 100.0, "percent_covered_display": "100", "missing_lines": 0, "excluded_lines": 0, "percent_statements_covered": 100.0, "percent_statements_covered_display": "100"}, "missing_lines": [], "excluded_lines": [], "start_line": 1}}, "classes": {"": {"executed_lines": [3, 6, 17, 21, 23, 24, 27, 29, 32, 33, 35, 38, 47, 48, 51, 69, 70, 72, 74, 75, 77, 79, 80, 81, 84, 88, 90, 91, 92, 95, 96, 99, 100, 101, 103, 109, 111, 114, 115, 116, 121, 122, 124, 125, 126, 128, 133], "summary": {"covered_lines": 47, "num_statements": 52, "percent_covered": 90.38461538461539, "percent_covered_display": "90", "missing_lines": 5, "excluded_lines": 0, "percent_statements_covered": 90.38461538461539, "percent_statements_covered_display": "90"}, "missing_lines": [18, 28, 30, 112, 118], "excluded_lines": [], "start_line": 1}}}, "src/hierarchical/data/preloaded_dataset.py": {"executed_lines": [3, 5, 6, 7, 10, 13, 28, 32, 34, 35, 36, 38, 39, 41, 42, 45, 52, 53, 56, 57, 58, 60, 62, 64, 65, 67, 68, 71, 73, 74, 76, 79, 81, 82, 89, 90, 91, 92, 94, 98, 101, 103, 104], "summary": {"covered_lines": 43, "num_statements": 49, "percent_covered": 87.75510204081633, "percent_covered_display": "88", "missing_lines": 6, "excluded_lines": 0, "percent_statements_covered": 87.75510204081633, "percent_statements_covered_display": "88"}, "missing_lines": [29, 30, 84, 95, 99, 106], "excluded_lines": [], "functions": {"PreloadedDataset.__init__": {"executed_lines": [28, 32, 34, 35, 36], "summary": {"covered_lines": 5, "num_statements": 7, "percent_covered": 71.42857142857143, "percent_covered_display": "71", "missing_lines": 2, "excluded_lines": 0, "percent_statements_covered": 71.42857142857143, "percent_statements_covered_display": "71"}, "missing_lines": [29, 30], "excluded_lines": [], "start_line": 13}, "PreloadedDataset.__len__": {"executed_lines": [39], "summary": {"covered_lines": 1, "num_statements": 1, "percent_covered": 100.0, "percent_covered_display": "100", "missing_lines": 0, "excluded_lines": 0, "percent_statements_covered": 100.0, "percent_statements_covered_display": "100"}, "missing_lines": [], "excluded_lines": [], "start_line": 38}, "PreloadedDataset.__getitem__": {"executed_lines": [42, 45, 52, 53, 56, 57, 58, 60], "summary": {"covered_lines": 8, "num_statements": 8, "percent_covered": 100.0, "percent_covered_display": "100", "missing_lines": 0, "excluded_lines": 0, "percent_statements_covered": 100.0, "percent_statements_covered_display": "100"}, "missing_lines": [], "excluded_lines": [], "start_line": 41}, "PreloadedDataset.apply_augmentation": {"executed_lines": [64, 65, 67, 68, 71, 73, 74, 76, 79, 81, 82, 89, 90, 91, 92, 94, 98, 101, 103, 104], "summary": {"covered_lines": 20, "num_statements": 24, "percent_covered": 83.33333333333333, "percent_covered_display": "83", "missing_lines": 4, "excluded_lines": 0, "percent_statements_covered": 83.33333333333333, "percent_statements_covered_display": "83"}, "missing_lines": [84, 95, 99, 106], "excluded_lines": [], "start_line": 62}, "": {"executed_lines": [3, 5, 6, 7, 10, 13, 38, 41, 62], "summary": {"covered_lines": 9, "num_statements": 9, "percent_covered": 100.0, "percent_covered_display": "100", "missing_lines": 0, "excluded_lines": 0, "percent_statements_covered": 100.0, "percent_statements_covered_display": "100"}, "missing_lines": [], "excluded_lines": [], "start_line": 1}}, "classes": {"PreloadedDataset": {"executed_lines": [28, 32, 34, 35, 36, 39, 42, 45, 52, 53, 56, 57, 58, 60, 64, 65, 67, 68, 71, 73, 74, 76, 79, 81, 82, 89, 90, 91, 92, 94, 98, 101, 103, 104], "summary": {"covered_lines": 34, "num_statements": 40, "percent_covered": 85.0, "percent_covered_display": "85", "missing_lines": 6, "excluded_lines": 0, "percent_statements_covered": 85.0, "percent_statements_covered_display": "85"}, "missing_lines": [29, 30, 84, 95, 99, 106], "excluded_lines": [], "start_line": 10}, "": {"executed_lines": [3, 5, 6, 7, 10, 13, 38, 41, 62], "summary": {"covered_lines": 9, "num_statements": 9, "percent_covered": 100.0, "percent_covered_display": "100", "missing_lines": 0, "excluded_lines": 0, "percent_statements_covered": 100.0, "percent_statements_covered_display": "100"}, "missing_lines": [], "excluded_lines": [], "start_line": 1}}}, "src/hierarchical/data/preprocess_tensors.py": {"executed_lines": [18, 19, 20, 21, 22, 23, 24, 25, 26, 27, 28, 29, 32, 33, 34, 36, 37, 40, 41, 42, 44, 46, 47, 48, 49, 51, 52, 54, 60, 62, 63, 64, 67, 68, 70, 71, 72, 75, 76, 77, 80, 81, 84, 85, 87, 88, 89, 90, 91, 92, 95, 96, 97, 98, 101, 102, 103, 106, 107, 108, 109, 110, 113, 114, 117, 118, 126, 128, 139, 145, 146, 147, 154, 164, 166, 167, 168, 170, 171, 172, 173, 174, 175, 176, 177, 178, 179, 181, 190, 193, 195, 196, 197, 198, 199, 200, 201, 202, 203, 204, 205, 206, 207, 208, 211, 212, 216, 218, 219, 220, 221, 222, 224, 225, 226, 227, 232, 234, 235, 236, 237, 238, 239, 240, 245, 248, 250, 276, 277, 278, 279, 280, 282, 283, 284, 285, 287, 291, 292, 294, 296, 297, 298, 299, 302, 303, 304, 305, 306, 308, 309, 312, 313, 314, 315, 316, 317, 340], "summary": {"covered_lines": 158, "num_statements": 206, "percent_covered": 76.69902912621359, "percent_covered_display": "77", "missing_lines": 48, "excluded_lines": 0, "percent_statements_covered": 76.69902912621359, "percent_statements_covered_display": "77"}, "missing_lines": [56, 57, 58, 159, 160, 161, 162, 191, 192, 213, 214, 215, 229, 242, 243, 251, 254, 257, 258, 259, 260, 261, 263, 267, 268, 269, 271, 273, 274, 288, 289, 320, 321, 322, 323, 325, 326, 327, 328, 330, 331, 332, 333, 335, 336, 337, 338, 341], "excluded_lines": [], "functions": {"patch_df": {"executed_lines": [46, 47, 48, 49, 51, 52], "summary": {"covered_lines": 6, "num_statements": 6, "percent_covered": 100.0, "percent_covered_display": "100", "missing_lines": 0, "excluded_lines": 0, "percent_statements_covered": 100.0, "percent_statements_covered_display": "100"}, "missing_lines": [], "excluded_lines": [], "start_line": 44}, "init_worker": {"executed_lines": [], "summary": {"covered_lines": 0, "num_statements": 3, "percent_covered": 0.0, "percent_covered_display": "0", "missing_lines": 3, "excluded_lines": 0, "percent_statements_covered": 0.0, "percent_statements_covered_display": "0"}, "missing_lines": [56, 57, 58], "excluded_lines": [], "start_line": 54}, "process_single_account": {"executed_lines": [62, 63, 64, 67, 68, 70, 71, 72, 75, 76, 77, 80, 81, 84, 85, 87, 88, 89, 90, 91, 92, 95, 101, 102, 103, 106, 107, 108, 109, 110, 113, 114, 117, 118, 126, 128, 139, 145, 146, 147], "summary": {"covered_lines": 40, "num_statements": 40, "percent_covered": 100.0, "percent_covered_display": "100", "missing_lines": 0, "excluded_lines": 0, "percent_statements_covered": 100.0, "percent_statements_covered_display": "100"}, "missing_lines": [], "excluded_lines": [], "start_line": 60}, "process_single_account.get_col": {"executed_lines": [96, 97, 98], "summary": {"covered_lines": 3, "num_statements": 3, "percent_covered": 100.0, "percent_covered_display": "100", "missing_lines": 0, "excluded_lines": 0, "percent_statements_covered": 100.0, "percent_statements_covered_display": "100"}, "missing_lines": [], "excluded_lines": [], "start_line": 95}, "process_account_chunk": {"executed_lines": [], "summary": {"covered_lines": 0, "num_statements": 4, "percent_covered": 0.0, "percent_covered_display": "0", "missing_lines": 4, "excluded_lines": 0, "percent_statements_covered": 0.0, "percent_statements_covered_display": "0"}, "missing_lines": [159, 160, 161, 162], "excluded_lines": [], "start_line": 154}, "precompute_balance_cache": {"executed_lines": [166, 167, 168, 170, 171, 172, 173, 174, 175, 176, 177, 178, 179, 181, 190, 193], "summary": {"covered_lines": 16, "num_statements": 18, "percent_covered": 88.88888888888889, "percent_covered_display": "89", "missing_lines": 2, "excluded_lines": 0, "percent_statements_covered": 88.88888888888889, "percent_statements_covered_display": "89"}, "missing_lines": [191, 192], "excluded_lines": [], "start_line": 164}, "main": {"executed_lines": [196, 197, 198, 199, 200, 201, 202, 203, 204, 205, 206, 207, 208, 211, 212, 216, 218, 219, 220, 221, 222, 224, 225, 226, 227, 232, 234, 235, 236, 237, 238, 239, 240, 245, 248, 312, 313, 314, 315, 316, 317], "summary": {"covered_lines": 41, "num_statements": 63, "percent_covered": 65.07936507936508, "percent_covered_display": "65", "missing_lines": 22, "excluded_lines": 0, "percent_statements_covered": 65.07936507936508, "percent_statements_covered_display": "65"}, "missing_lines": [213, 214, 215, 229, 242, 243, 320, 321, 322, 323, 325, 326, 327, 328, 330, 331, 332, 333, 335, 336, 337, 338], "excluded_lines": [], "start_line": 195}, "main.process_dataframe": {"executed_lines": [250, 276, 277, 278, 279, 280, 282, 283, 284, 285, 287, 291, 292, 294, 296, 297, 298, 299, 302, 303, 304, 305, 306, 308, 309], "summary": {"covered_lines": 25, "num_statements": 41, "percent_covered": 60.97560975609756, "percent_covered_display": "61", "missing_lines": 16, "excluded_lines": 0, "percent_statements_covered": 60.97560975609756, "percent_statements_covered_display": "61"}, "missing_lines": [251, 254, 257, 258, 259, 260, 261, 263, 267, 268, 269, 271, 273, 274, 288, 289], "excluded_lines": [], "start_line": 248}, "": {"executed_lines": [18, 19, 20, 21, 22, 23, 24, 25, 26, 27, 28, 29, 32, 33, 34, 36, 37, 40, 41, 42, 44, 54, 60, 154, 164, 195, 340], "summary": {"covered_lines": 27, "num_statements": 28, "percent_covered": 96.42857142857143, "percent_covered_display": "96", "missing_lines": 1, "excluded_lines": 0, "percent_statements_covered": 96.42857142857143, "percent_statements_covered_display": "96"}, "missing_lines": [341], "excluded_lines": [], "start_line": 1}}, "classes": {"": {"executed_lines": [18, 19, 20, 21, 22, 23, 24, 25, 26, 27, 28, 29, 32, 33, 34, 36, 37, 40, 41, 42, 44, 46, 47, 48, 49, 51, 52, 54, 60, 62, 63, 64, 67, 68, 70, 71, 72, 75, 76, 77, 80, 81, 84, 85, 87, 88, 89, 90, 91, 92, 95, 96, 97, 98, 101, 102, 103, 106, 107, 108, 109, 110, 113, 114, 117, 118, 126, 128, 139, 145, 146, 147, 154, 164, 166, 167, 168, 170, 171, 172, 173, 174, 175, 176, 177, 178, 179, 181, 190, 193, 195, 196, 197, 198, 199, 200, 201, 202, 203, 204, 205, 206, 207, 208, 211, 212, 216, 218, 219, 220, 221, 222, 224, 225, 226, 227, 232, 234, 235, 236, 237, 238, 239, 240, 245, 248, 250, 276, 277, 278, 279, 280, 282, 283, 284, 285, 287, 291, 292, 294, 296, 297, 298, 299, 302, 303, 304, 305, 306, 308, 309, 312, 313, 314, 315, 316, 317, 340], "summary": {"covered_lines": 158, "num_statements": 206, "percent_covered": 76.69902912621359, "percent_covered_display": "77", "missing_lines": 48, "excluded_lines": 0, "percent_statements_covered": 76.69902912621359, "percent_statements_covered_display": "77"}, "missing_lines": [56, 57, 58, 159, 160, 161, 162, 191, 192, 213, 214, 215, 229, 242, 243, 251, 254, 257, 258, 259, 260, 261, 263, 267, 268, 269, 271, 273, 274, 288, 289, 320, 321, 322, 323, 325, 326, 327, 328, 330, 331, 332, 333, 335, 336, 337, 338, 341], "excluded_lines": [], "start_line": 1}}}, "src/hierarchical/data/vocab.py": {"executed_lines": [3, 4, 5, 6, 7, 9, 10, 12, 15, 24, 26, 27, 28, 30, 37, 39, 40, 41, 42, 43, 44, 46, 56, 57, 58, 60, 69, 71, 72, 74, 80, 81, 87, 88, 97, 98, 99, 100, 101, 102, 103, 106, 112, 129, 130, 131, 132, 133, 135, 146, 148, 149, 150, 153, 154, 156, 158, 175, 178, 180, 181, 184, 185, 186, 189, 193, 195, 204, 206, 211, 212, 224, 225, 226, 229, 230, 231, 233, 236, 252, 254, 255, 256, 259, 260, 261, 262, 263, 265, 266, 267, 269, 270, 271, 274, 275, 276, 277, 278, 279, 281, 284, 295, 296, 297, 298], "summary": {"covered_lines": 106, "num_statements": 110, "percent_covered": 96.36363636363636, "percent_covered_display": "96", "missing_lines": 4, "excluded_lines": 0, "percent_statements_covered": 96.36363636363636, "percent_statements_covered_display": "96"}, "missing_lines": [176, 207, 208, 209], "excluded_lines": [], "functions": {"CategoricalVocabulary.__init__": {"executed_lines": [26, 27, 28], "summary": {"covered_lines": 3, "num_statements": 3, "percent_covered": 100.0, "percent_covered_display": "100", "missing_lines": 0, "excluded_lines": 0, "percent_statements_covered": 100.0, "percent_statements_covered_display": "100"}, "missing_lines": [], "excluded_lines": [], "start_line": 24}, "CategoricalVocabulary.fit": {"executed_lines": [37, 39, 40, 41, 42, 43, 44], "summary": {"covered_lines": 7, "num_statements": 7, "percent_covered": 100.0, "percent_covered_display": "100", "missing_lines": 0, "excluded_lines": 0, "percent_statements_covered": 100.0, "percent_statements_covered_display": "100"}, "missing_lines": [], "excluded_lines": [], "start_line": 30}, "CategoricalVocabulary.encode": {"executed_lines": [56, 57, 58], "summary": {"covered_lines": 3, "num_statements": 3, "percent_covered": 100.0, "percent_covered_display": "100", "missing_lines": 0, "excluded_lines": 0, "percent_statements_covered": 100.0, "percent_statements_covered_display": "100"}, "missing_lines": [], "excluded_lines": [], "start_line": 46}, "CategoricalVocabulary.decode": {"executed_lines": [69], "summary": {"covered_lines": 1, "num_statements": 1, "percent_covered": 100.0, "percent_covered_display": "100", "missing_lines": 0, "excluded_lines": 0, "percent_statements_covered": 100.0, "percent_statements_covered_display": "100"}, "missing_lines": [], "excluded_lines": [], "start_line": 60}, "CategoricalVocabulary.__len__": {"executed_lines": [72], "summary": {"covered_lines": 1, "num_statements": 1, "percent_covered": 100.0, "percent_covered_display": "100", "missing_lines": 0, "excluded_lines": 0, "percent_statements_covered": 100.0, "percent_statements_covered_display": "100"}, "missing_lines": [], "excluded_lines": [], "start_line": 71}, "CategoricalVocabulary.save": {"executed_lines": [80, 81], "summary": {"covered_lines": 2, "num_statements": 2, "percent_covered": 100.0, "percent_covered_display": "100", "missing_lines": 0, "excluded_lines": 0, "percent_statements_covered": 100.0, "percent_statements_covered_display": "100"}, "missing_lines": [], "excluded_lines": [], "start_line": 74}, "CategoricalVocabulary.load": {"executed_lines": [97, 98, 99, 100, 101, 102, 103], "summary": {"covered_lines": 7, "num_statements": 7, "percent_covered": 100.0, "percent_covered_display": "100", "missing_lines": 0, "excluded_lines": 0, "percent_statements_covered": 100.0, "percent_statements_covered_display": "100"}, "missing_lines": [], "excluded_lines": [], "start_line": 88}, "V4FeatureExtractor.__init__": {"executed_lines": [129, 130, 131, 132, 133], "summary": {"covered_lines": 5, "num_statements": 5, "percent_covered": 100.0, "percent_covered_display": "100", "missing_lines": 0, "excluded_lines": 0, "percent_statements_covered": 100.0, "percent_statements_covered_display": "100"}, "missing_lines": [], "excluded_lines": [], "start_line": 112}, "V4FeatureExtractor.extract_date_features": {"executed_lines": [146, 148, 149, 150, 153, 154, 156], "summary": {"covered_lines": 7, "num_statements": 7, "percent_covered": 100.0, "percent_covered_display": "100", "missing_lines": 0, "excluded_lines": 0, "percent_statements_covered": 100.0, "percent_statements_covered_display": "100"}, "missing_lines": [], "excluded_lines": [], "start_line": 135}, "V4FeatureExtractor.extract_balance_features": {"executed_lines": [175, 178, 180, 181, 184, 185, 186, 189, 193, 195, 204, 206], "summary": {"covered_lines": 12, "num_statements": 16, "percent_covered": 75.0, "percent_covered_display": "75", "missing_lines": 4, "excluded_lines": 0, "percent_statements_covered": 75.0, "percent_statements_covered_display": "75"}, "missing_lines": [176, 207, 208, 209], "excluded_lines": [], "start_line": 158}, "V4FeatureExtractor.normalize_amounts": {"executed_lines": [224, 225, 226, 229, 230, 231, 233], "summary": {"covered_lines": 7, "num_statements": 7, "percent_covered": 100.0, "percent_covered_display": "100", "missing_lines": 0, "excluded_lines": 0, "percent_statements_covered": 100.0, "percent_statements_covered_display": "100"}, "missing_lines": [], "excluded_lines": [], "start_line": 212}, "build_vocabularies": {"executed_lines": [252, 254, 255, 256, 259, 265, 266, 267, 269, 270, 271, 274, 275, 276, 277, 278, 279, 281], "summary": {"covered_lines": 18, "num_statements": 18, "percent_covered": 100.0, "percent_covered_display": "100", "missing_lines": 0, "excluded_lines": 0, "percent_statements_covered": 100.0, "percent_statements_covered_display": "100"}, "missing_lines": [], "excluded_lines": [], "start_line": 236}, "build_vocabularies.fit_vocab": {"executed_lines": [260, 261, 262, 263], "summary": {"covered_lines": 4, "num_statements": 4, "percent_covered": 100.0, "percent_covered_display": "100", "missing_lines": 0, "excluded_lines": 0, "percent_statements_covered": 100.0, "percent_statements_covered_display": "100"}, "missing_lines": [], "excluded_lines": [], "start_line": 259}, "load_vocabularies": {"executed_lines": [295, 296, 297, 298], "summary": {"covered_lines": 4, "num_statements": 4, "percent_covered": 100.0, "percent_covered_display": "100", "missing_lines": 0, "excluded_lines": 0, "percent_statements_covered": 100.0, "percent_statements_covered_display": "100"}, "missing_lines": [], "excluded_lines": [], "start_line": 284}, "": {"executed_lines": [3, 4, 5, 6, 7, 9, 10, 12, 15, 24, 30, 46, 60, 71, 74, 87, 88, 106, 112, 135, 158, 211, 212, 236, 284], "summary": {"covered_lines": 25, "num_statements": 25, "percent_covered": 100.0, "percent_covered_display": "100", "missing_lines": 0, "excluded_lines": 0, "percent_statements_covered": 100.0, "percent_statements_covered_display": "100"}, "missing_lines": [], "excluded_lines": [], "start_line": 1}}, "classes": {"CategoricalVocabulary": {"executed_lines": [26, 27, 28, 37, 39, 40, 41, 42, 43, 44, 56, 57, 58, 69, 72, 80, 81, 97, 98, 99, 100, 101, 102, 103], "summary": {"covered_lines": 24, "num_statements": 24, "percent_covered": 100.0, "percent_covered_display": "100", "missing_lines": 0, "excluded_lines": 0, "percent_statements_covered": 100.0, "percent_statements_covered_display": "100"}, "missing_lines": [], "excluded_lines": [], "start_line": 15}, "V4FeatureExtractor": {"executed_lines": [129, 130, 131, 132, 133, 146, 148, 149, 150, 153, 154, 156, 175, 178, 180, 181, 184, 185, 186, 189, 193, 195, 204, 206, 224, 225, 226, 229, 230, 231, 233], "summary": {"covered_lines": 31, "num_statements": 35, "percent_covered": 88.57142857142857, "percent_covered_display": "89", "missing_lines": 4, "excluded_lines": 0, "percent_statements_covered": 88.57142857142857, "percent_statements_covered_display": "89"}, "missing_lines": [176, 207, 208, 209], "excluded_lines": [], "start_line": 106}, "": {"executed_lines": [3, 4, 5, 6, 7, 9, 10, 12, 15, 24, 30, 46, 60, 71, 74, 87, 88, 106, 112, 135, 158, 211, 212, 236, 252, 254, 255, 256, 259, 260, 261, 262, 263, 265, 266, 267, 269, 270, 271, 274, 275, 276, 277, 278, 279, 281, 284, 295, 296, 297, 298], "summary": {"covered_lines": 51, "num_statements": 51, "percent_covered": 100.0, "percent_covered_display": "100", "missing_lines": 0, "excluded_lines": 0, "percent_statements_covered": 100.0, "percent_statements_covered_display": "100"}, "missing_lines": [], "excluded_lines": [], "start_line": 1}}}, "src/hierarchical/evaluation/__init__.py": {"executed_lines": [3, 11], "summary": {"covered_lines": 2, "num_statements": 2, "percent_covered": 100.0, "percent_covered_display": "100", "missing_lines": 0, "excluded_lines": 0, "percent_statements_covered": 100.0, "percent_statements_covered_display": "100"}, "missing_lines": [], "excluded_lines": [], "functions": {"": {"executed_lines": [3, 11], "summary": {"covered_lines": 2, "num_statements": 2, "percent_covered": 100.0, "percent_covered_display": "100", "missing_lines": 0, "excluded_lines": 0, "percent_statements_covered": 100.0, "percent_statements_covered_display": "100"}, "missing_lines": [], "excluded_lines": [], "start_line": 1}}, "classes": {"": {"executed_lines": [3, 11], "summary": {"covered_lines": 2, "num_statements": 2, "percent_covered": 100.0, "percent_covered_display": "100", "missing_lines": 0, "excluded_lines": 0, "percent_statements_covered": 100.0, "percent_statements_covered_display": "100"}, "missing_lines": [], "excluded_lines": [], "start_line": 1}}}, "src/hierarchical/evaluation/evaluate.py": {"executed_lines": [15, 16, 17, 18, 19, 20, 21, 22, 23, 24, 25, 26, 27, 28, 33, 34, 36, 37, 39, 40, 44, 45, 46, 49, 50, 53, 60, 61, 64, 66, 67, 68, 70, 71, 72, 73, 74, 78, 79, 80, 81, 82, 83, 86, 87, 88, 93, 95, 96, 97, 98, 100, 101, 103, 104, 105, 110, 111, 112, 115, 116, 117, 118, 119, 120, 121, 122, 125, 126, 127, 129, 130, 133, 145, 153, 160, 162, 163, 166, 168, 171, 173, 178, 184, 186, 192, 195, 198, 200, 201, 202, 203, 204, 206, 209, 210, 211, 212, 215, 217, 220, 221, 222, 224, 225, 226, 227, 228, 229, 230, 233, 234, 236, 237, 238, 239, 240, 241, 242, 244, 245, 246, 247, 248, 249, 251, 253, 255, 256, 257, 258, 262, 264, 265, 266, 268, 278, 279, 281, 282, 283, 284, 287, 288, 291, 294, 297, 299, 300, 301, 302, 303, 304, 305, 307, 309, 312, 313, 314, 316, 317, 318, 320, 322, 323, 325, 326, 327, 328, 330, 331, 332, 335, 336, 337, 339, 356, 357, 359, 363, 372, 373, 374, 375, 376, 377, 378, 379, 380, 381, 382, 383, 384, 385, 386, 387, 388, 389, 390, 392, 394, 395, 397, 398, 400, 401, 404, 405, 406, 407, 410, 411, 412, 413, 416, 417, 418, 419, 420, 421, 424, 425, 426, 427, 428, 431, 432, 435, 436, 439, 441, 442, 445, 446, 450, 451, 453, 455, 456, 457, 460, 461, 462, 463, 465, 470, 473, 474, 475, 501, 502, 505, 513, 514, 515, 519, 520, 522, 523, 525, 526, 527, 529, 530, 533, 534, 535, 536, 537, 540, 541, 790], "summary": {"covered_lines": 272, "num_statements": 460, "percent_covered": 59.130434782608695, "percent_covered_display": "59", "missing_lines": 188, "excluded_lines": 0, "percent_statements_covered": 59.130434782608695, "percent_statements_covered_display": "59"}, "missing_lines": [35, 89, 90, 106, 107, 123, 124, 175, 196, 213, 218, 269, 360, 364, 366, 367, 369, 466, 467, 478, 479, 480, 485, 486, 488, 489, 491, 494, 495, 496, 497, 498, 499, 506, 507, 508, 509, 510, 542, 543, 547, 548, 550, 552, 553, 556, 557, 560, 562, 564, 565, 568, 569, 570, 571, 572, 575, 576, 579, 581, 582, 584, 586, 587, 592, 594, 595, 600, 601, 602, 604, 605, 606, 607, 608, 609, 612, 613, 615, 617, 618, 619, 620, 621, 623, 624, 626, 627, 628, 631, 632, 633, 636, 637, 640, 641, 644, 645, 646, 647, 650, 651, 652, 655, 656, 660, 661, 662, 663, 664, 665, 667, 668, 669, 670, 671, 676, 679, 680, 681, 682, 683, 684, 685, 686, 689, 690, 691, 692, 695, 696, 697, 700, 702, 703, 704, 705, 706, 707, 708, 710, 712, 713, 714, 715, 716, 719, 720, 721, 723, 732, 733, 734, 735, 736, 737, 738, 739, 742, 751, 752, 753, 754, 757, 758, 760, 761, 762, 763, 764, 767, 768, 769, 770, 772, 773, 775, 776, 777, 778, 779, 782, 784, 785, 786, 787, 788, 791], "excluded_lines": [], "functions": {"load_model": {"executed_lines": [60, 61, 64, 66, 67, 68, 70, 71, 72, 73, 74, 78, 79, 80, 81, 82, 83, 86, 87, 88, 93, 95, 96, 97, 98, 100, 101, 103, 104, 105, 110, 111, 112, 115, 116, 117, 118, 119, 120, 121, 122, 125, 126, 127, 129, 130, 133, 145, 153, 160, 162, 163], "summary": {"covered_lines": 52, "num_statements": 58, "percent_covered": 89.65517241379311, "percent_covered_display": "90", "missing_lines": 6, "excluded_lines": 0, "percent_statements_covered": 89.65517241379311, "percent_statements_covered_display": "90"}, "missing_lines": [89, 90, 106, 107, 123, 124], "excluded_lines": [], "start_line": 53}, "slice_to_cutoff": {"executed_lines": [168, 171, 173, 178, 184], "summary": {"covered_lines": 5, "num_statements": 6, "percent_covered": 83.33333333333333, "percent_covered_display": "83", "missing_lines": 1, "excluded_lines": 0, "percent_statements_covered": 83.33333333333333, "percent_statements_covered_display": "83"}, "missing_lines": [175], "excluded_lines": [], "start_line": 166}, "extract_tensor_features": {"executed_lines": [192, 195, 198, 200, 201, 202, 203, 204, 206, 209, 210, 211, 212, 215, 217, 220, 221, 222, 224, 225, 226, 227, 228, 229, 230, 233, 234, 236, 237, 238, 239, 240, 241, 242, 244, 245, 246, 247, 248, 249, 251], "summary": {"covered_lines": 41, "num_statements": 44, "percent_covered": 93.18181818181819, "percent_covered_display": "93", "missing_lines": 3, "excluded_lines": 0, "percent_statements_covered": 93.18181818181819, "percent_statements_covered_display": "93"}, "missing_lines": [196, 213, 218], "excluded_lines": [], "start_line": 186}, "calculate_confidence": {"executed_lines": [255, 256, 257, 258], "summary": {"covered_lines": 4, "num_statements": 4, "percent_covered": 100.0, "percent_covered_display": "100", "missing_lines": 0, "excluded_lines": 0, "percent_statements_covered": 100.0, "percent_statements_covered_display": "100"}, "missing_lines": [], "excluded_lines": [], "start_line": 253}, "compute_lift_curve": {"executed_lines": [264, 265, 266, 268, 278, 279, 281, 282, 283, 284, 287, 288, 291, 294, 297, 299, 300, 301, 302, 303, 304, 305, 307], "summary": {"covered_lines": 23, "num_statements": 24, "percent_covered": 95.83333333333333, "percent_covered_display": "96", "missing_lines": 1, "excluded_lines": 0, "percent_statements_covered": 95.83333333333333, "percent_statements_covered_display": "96"}, "missing_lines": [269], "excluded_lines": [], "start_line": 262}, "generate_granular_curve": {"executed_lines": [312, 313, 314, 316, 317, 318, 320, 322, 323, 325, 326, 327, 328, 330, 331, 332, 335, 336, 337, 339, 356], "summary": {"covered_lines": 21, "num_statements": 21, "percent_covered": 100.0, "percent_covered_display": "100", "missing_lines": 0, "excluded_lines": 0, "percent_statements_covered": 100.0, "percent_statements_covered_display": "100"}, "missing_lines": [], "excluded_lines": [], "start_line": 309}, "embed_batch": {"executed_lines": [359, 363], "summary": {"covered_lines": 2, "num_statements": 7, "percent_covered": 28.571428571428573, "percent_covered_display": "29", "missing_lines": 5, "excluded_lines": 0, "percent_statements_covered": 28.571428571428573, "percent_statements_covered_display": "29"}, "missing_lines": [360, 364, 366, 367, 369], "excluded_lines": [], "start_line": 357}, "main": {"executed_lines": [373, 374, 375, 376, 377, 378, 379, 380, 381, 382, 383, 384, 385, 386, 387, 388, 389, 390, 392, 394, 395, 397, 398, 400, 401, 404, 405, 406, 407, 410, 411, 412, 413, 416, 417, 418, 419, 420, 421, 424, 425, 426, 427, 428, 431, 432, 435, 436, 439, 441, 442, 445, 446, 450, 451, 453, 455, 456, 457, 460, 461, 462, 463, 465, 470, 473, 474, 475, 501, 502, 505, 513, 514, 515, 519, 520, 522, 523, 525, 526, 527, 529, 530, 533, 534, 535, 536, 537, 540, 541], "summary": {"covered_lines": 90, "num_statements": 235, "percent_covered": 38.297872340425535, "percent_covered_display": "38", "missing_lines": 145, "excluded_lines": 0, "percent_statements_covered": 38.297872340425535, "percent_statements_covered_display": "38"}, "missing_lines": [466, 467, 478, 479, 480, 485, 486, 488, 489, 491, 494, 495, 496, 497, 498, 499, 506, 507, 508, 509, 510, 542, 543, 547, 548, 550, 552, 553, 556, 557, 560, 562, 564, 565, 568, 569, 570, 571, 572, 575, 576, 579, 581, 582, 584, 586, 587, 592, 594, 595, 600, 601, 602, 604, 605, 606, 607, 608, 609, 612, 613, 615, 617, 618, 619, 620, 621, 623, 624, 626, 627, 628, 631, 632, 633, 636, 637, 640, 641, 644, 645, 646, 647, 650, 651, 652, 655, 656, 660, 661, 662, 663, 664, 665, 667, 668, 669, 670, 671, 676, 679, 680, 681, 682, 683, 684, 685, 686, 689, 690, 691, 692, 695, 696, 697, 700, 742, 751, 752, 753, 754, 757, 758, 760, 761, 762, 763, 764, 767, 768, 769, 770, 772, 773, 775, 776, 777, 778, 779, 782, 784, 785, 786, 787, 788], "excluded_lines": [], "start_line": 372}, "main.evaluate_method": {"executed_lines": [], "summary": {"covered_lines": 0, "num_statements": 25, "percent_covered": 0.0, "percent_covered_display": "0", "missing_lines": 25, "excluded_lines": 0, "percent_statements_covered": 0.0, "percent_statements_covered_display": "0"}, "missing_lines": [702, 703, 704, 705, 706, 707, 708, 710, 712, 713, 714, 715, 716, 719, 720, 721, 723, 732, 733, 734, 735, 736, 737, 738, 739], "excluded_lines": [], "start_line": 700}, "": {"executed_lines": [15, 16, 17, 18, 19, 20, 21, 22, 23, 24, 25, 26, 27, 28, 33, 34, 36, 37, 39, 40, 44, 45, 46, 49, 50, 53, 166, 186, 253, 262, 309, 357, 372, 790], "summary": {"covered_lines": 34, "num_statements": 36, "percent_covered": 94.44444444444444, "percent_covered_display": "94", "missing_lines": 2, "excluded_lines": 0, "percent_statements_covered": 94.44444444444444, "percent_statements_covered_display": "94"}, "missing_lines": [35, 791], "excluded_lines": [], "start_line": 1}}, "classes": {"": {"executed_lines": [15, 16, 17, 18, 19, 20, 21, 22, 23, 24, 25, 26, 27, 28, 33, 34, 36, 37, 39, 40, 44, 45, 46, 49, 50, 53, 60, 61, 64, 66, 67, 68, 70, 71, 72, 73, 74, 78, 79, 80, 81, 82, 83, 86, 87, 88, 93, 95, 96, 97, 98, 100, 101, 103, 104, 105, 110, 111, 112, 115, 116, 117, 118, 119, 120, 121, 122, 125, 126, 127, 129, 130, 133, 145, 153, 160, 162, 163, 166, 168, 171, 173, 178, 184, 186, 192, 195, 198, 200, 201, 202, 203, 204, 206, 209, 210, 211, 212, 215, 217, 220, 221, 222, 224, 225, 226, 227, 228, 229, 230, 233, 234, 236, 237, 238, 239, 240, 241, 242, 244, 245, 246, 247, 248, 249, 251, 253, 255, 256, 257, 258, 262, 264, 265, 266, 268, 278, 279, 281, 282, 283, 284, 287, 288, 291, 294, 297, 299, 300, 301, 302, 303, 304, 305, 307, 309, 312, 313, 314, 316, 317, 318, 320, 322, 323, 325, 326, 327, 328, 330, 331, 332, 335, 336, 337, 339, 356, 357, 359, 363, 372, 373, 374, 375, 376, 377, 378, 379, 380, 381, 382, 383, 384, 385, 386, 387, 388, 389, 390, 392, 394, 395, 397, 398, 400, 401, 404, 405, 406, 407, 410, 411, 412, 413, 416, 417, 418, 419, 420, 421, 424, 425, 426, 427, 428, 431, 432, 435, 436, 439, 441, 442, 445, 446, 450, 451, 453, 455, 456, 457, 460, 461, 462, 463, 465, 470, 473, 474, 475, 501, 502, 505, 513, 514, 515, 519, 520, 522, 523, 525, 526, 527, 529, 530, 533, 534, 535, 536, 537, 540, 541, 790], "summary": {"covered_lines": 272, "num_statements": 460, "percent_covered": 59.130434782608695, "percent_covered_display": "59", "missing_lines": 188, "excluded_lines": 0, "percent_statements_covered": 59.130434782608695, "percent_statements_covered_display": "59"}, "missing_lines": [35, 89, 90, 106, 107, 123, 124, 175, 196, 213, 218, 269, 360, 364, 366, 367, 369, 466, 467, 478, 479, 480, 485, 486, 488, 489, 491, 494, 495, 496, 497, 498, 499, 506, 507, 508, 509, 510, 542, 543, 547, 548, 550, 552, 553, 556, 557, 560, 562, 564, 565, 568, 569, 570, 571, 572, 575, 576, 579, 581, 582, 584, 586, 587, 592, 594, 595, 600, 601, 602, 604, 605, 606, 607, 608, 609, 612, 613, 615, 617, 618, 619, 620, 621, 623, 624, 626, 627, 628, 631, 632, 633, 636, 637, 640, 641, 644, 645, 646, 647, 650, 651, 652, 655, 656, 660, 661, 662, 663, 664, 665, 667, 668, 669, 670, 671, 676, 679, 680, 681, 682, 683, 684, 685, 686, 689, 690, 691, 692, 695, 696, 697, 700, 702, 703, 704, 705, 706, 707, 708, 710, 712, 713, 714, 715, 716, 719, 720, 721, 723, 732, 733, 734, 735, 736, 737, 738, 739, 742, 751, 752, 753, 754, 757, 758, 760, 761, 762, 763, 764, 767, 768, 769, 770, 772, 773, 775, 776, 777, 778, 779, 782, 784, 785, 786, 787, 788, 791], "excluded_lines": [], "start_line": 1}}}, "src/hierarchical/models/__init__.py": {"executed_lines": [3, 4, 5, 7], "summary": {"covered_lines": 4, "num_statements": 4, "percent_covered": 100.0, "percent_covered_display": "100", "missing_lines": 0, "excluded_lines": 0, "percent_statements_covered": 100.0, "percent_statements_covered_display": "100"}, "missing_lines": [], "excluded_lines": [], "functions": {"": {"executed_lines": [3, 4, 5, 7], "summary": {"covered_lines": 4, "num_statements": 4, "percent_covered": 100.0, "percent_covered_display": "100", "missing_lines": 0, "excluded_lines": 0, "percent_statements_covered": 100.0, "percent_statements_covered_display": "100"}, "missing_lines": [], "excluded_lines": [], "start_line": 1}}, "classes": {"": {"executed_lines": [3, 4, 5, 7], "summary": {"covered_lines": 4, "num_statements": 4, "percent_covered": 100.0, "percent_covered_display": "100", "missing_lines": 0, "excluded_lines": 0, "percent_statements_covered": 100.0, "percent_statements_covered_display": "100"}, "missing_lines": [], "excluded_lines": [], "start_line": 1}}}, "src/hierarchical/models/account.py": {"executed_lines": [3, 4, 6, 10, 21, 40, 42, 43, 46, 47, 48, 50, 53, 57, 59, 62, 69, 71, 72, 74, 85, 86, 87, 88, 90, 93, 94, 95, 96, 97, 98, 100, 101, 105, 106, 110, 114, 117, 118, 124, 125, 128, 129, 132, 135, 137, 140, 141, 142, 144, 146], "summary": {"covered_lines": 51, "num_statements": 51, "percent_covered": 100.0, "percent_covered_display": "100", "missing_lines": 0, "excluded_lines": 0, "percent_statements_covered": 100.0, "percent_statements_covered_display": "100"}, "missing_lines": [], "excluded_lines": [], "functions": {"AccountEncoder.__init__": {"executed_lines": [40, 42, 43, 46, 47, 48, 50, 53, 57, 59, 62, 69, 71, 72], "summary": {"covered_lines": 14, "num_statements": 14, "percent_covered": 100.0, "percent_covered_display": "100", "missing_lines": 0, "excluded_lines": 0, "percent_statements_covered": 100.0, "percent_statements_covered_display": "100"}, "missing_lines": [], "excluded_lines": [], "start_line": 21}, "AccountEncoder.forward": {"executed_lines": [85, 86, 87, 88, 90, 93, 105, 106, 110, 114, 117, 118, 124, 125, 128, 129, 132, 135, 137, 140, 141, 142, 144, 146], "summary": {"covered_lines": 24, "num_statements": 24, "percent_covered": 100.0, "percent_covered_display": "100", "missing_lines": 0, "excluded_lines": 0, "percent_statements_covered": 100.0, "percent_statements_covered_display": "100"}, "missing_lines": [], "excluded_lines": [], "start_line": 74}, "AccountEncoder.forward.flatten_stream": {"executed_lines": [94, 95, 96, 97, 98, 100, 101], "summary": {"covered_lines": 7, "num_statements": 7, "percent_covered": 100.0, "percent_covered_display": "100", "missing_lines": 0, "excluded_lines": 0, "percent_statements_covered": 100.0, "percent_statements_covered_display": "100"}, "missing_lines": [], "excluded_lines": [], "start_line": 93}, "": {"executed_lines": [3, 4, 6, 10, 21, 74], "summary": {"covered_lines": 6, "num_statements": 6, "percent_covered": 100.0, "percent_covered_display": "100", "missing_lines": 0, "excluded_lines": 0, "percent_statements_covered": 100.0, "percent_statements_covered_display": "100"}, "missing_lines": [], "excluded_lines": [], "start_line": 1}}, "classes": {"AccountEncoder": {"executed_lines": [40, 42, 43, 46, 47, 48, 50, 53, 57, 59, 62, 69, 71, 72, 85, 86, 87, 88, 90, 93, 94, 95, 96, 97, 98, 100, 101, 105, 106, 110, 114, 117, 118, 124, 125, 128, 129, 132, 135, 137, 140, 141, 142, 144, 146], "summary": {"covered_lines": 45, "num_statements": 45, "percent_covered": 100.0, "percent_covered_display": "100", "missing_lines": 0, "excluded_lines": 0, "percent_statements_covered": 100.0, "percent_statements_covered_display": "100"}, "missing_lines": [], "excluded_lines": [], "start_line": 10}, "": {"executed_lines": [3, 4, 6, 10, 21, 74], "summary": {"covered_lines": 6, "num_statements": 6, "percent_covered": 100.0, "percent_covered_display": "100", "missing_lines": 0, "excluded_lines": 0, "percent_statements_covered": 100.0, "percent_statements_covered_display": "100"}, "missing_lines": [], "excluded_lines": [], "start_line": 1}}}, "src/hierarchical/models/day.py": {"executed_lines": [3, 4, 7, 10, 20, 37, 39, 40, 43, 44, 45, 47, 49, 52, 61, 62, 66, 68, 70, 82, 83, 84, 85, 86, 87, 88, 89, 93, 98, 99, 101, 104, 105, 109, 112, 113, 114, 115, 118, 119, 120, 123, 125, 128, 129, 130, 132, 136, 137, 139, 154, 157, 160, 161, 163], "summary": {"covered_lines": 55, "num_statements": 56, "percent_covered": 98.21428571428571, "percent_covered_display": "98", "missing_lines": 1, "excluded_lines": 0, "percent_statements_covered": 98.21428571428571, "percent_statements_covered_display": "98"}, "missing_lines": [121], "excluded_lines": [], "functions": {"DayEncoder.__init__": {"executed_lines": [37, 39, 40, 43, 44, 45, 47, 49, 52, 61, 62, 66, 68], "summary": {"covered_lines": 13, "num_statements": 13, "percent_covered": 100.0, "percent_covered_display": "100", "missing_lines": 0, "excluded_lines": 0, "percent_statements_covered": 100.0, "percent_statements_covered_display": "100"}, "missing_lines": [], "excluded_lines": [], "start_line": 20}, "DayEncoder._encode_stream": {"executed_lines": [82, 83, 84, 85, 86, 87, 88, 89, 93, 98, 99, 101, 104, 105, 109, 112, 113, 114, 115, 118, 119, 120, 123, 125, 128, 129, 130, 132, 136, 137], "summary": {"covered_lines": 30, "num_statements": 31, "percent_covered": 96.7741935483871, "percent_covered_display": "97", "missing_lines": 1, "excluded_lines": 0, "percent_statements_covered": 96.7741935483871, "percent_statements_covered_display": "97"}, "missing_lines": [121], "excluded_lines": [], "start_line": 70}, "DayEncoder.forward": {"executed_lines": [154, 157, 160, 161, 163], "summary": {"covered_lines": 5, "num_statements": 5, "percent_covered": 100.0, "percent_covered_display": "100", "missing_lines": 0, "excluded_lines": 0, "percent_statements_covered": 100.0, "percent_statements_covered_display": "100"}, "missing_lines": [], "excluded_lines": [], "start_line": 139}, "": {"executed_lines": [3, 4, 7, 10, 20, 70, 139], "summary": {"covered_lines": 7, "num_statements": 7, "percent_covered": 100.0, "percent_covered_display": "100", "missing_lines": 0, "excluded_lines": 0, "percent_statements_covered": 100.0, "percent_statements_covered_display": "100"}, "missing_lines": [], "excluded_lines": [], "start_line": 1}}, "classes": {"DayEncoder": {"executed_lines": [37, 39, 40, 43, 44, 45, 47, 49, 52, 61, 62, 66, 68, 82, 83, 84, 85, 86, 87, 88, 89, 93, 98, 99, 101, 104, 105, 109, 112, 113, 114, 115, 118, 119, 120, 123, 125, 128, 129, 130, 132, 136, 137, 154, 157, 160, 161, 163], "summary": {"covered_lines": 48, "num_statements": 49, "percent_covered": 97.95918367346938, "percent_covered_display": "98", "missing_lines": 1, "excluded_lines": 0, "percent_statements_covered": 97.95918367346938, "percent_statements_covered_display": "98"}, "missing_lines": [121], "excluded_lines": [], "start_line": 10}, "": {"executed_lines": [3, 4, 7, 10, 20, 70, 139], "summary": {"covered_lines": 7, "num_statements": 7, "percent_covered": 100.0, "percent_covered_display": "100", "missing_lines": 0, "excluded_lines": 0, "percent_statements_covered": 100.0, "percent_statements_covered_display": "100"}, "missing_lines": [], "excluded_lines": [], "start_line": 1}}}, "src/hierarchical/models/transaction.py": {"executed_lines": [3, 4, 7, 14, 47, 49, 50, 51, 52, 54, 55, 56, 59, 60, 62, 63, 66, 71, 74, 75, 78, 80, 83, 84, 85, 87, 88, 90, 91, 94, 103, 105, 128, 129, 131, 133, 134, 136, 137, 140, 143, 159, 160, 161, 162, 164, 167, 170, 171, 173, 175, 176, 177, 178, 186, 187, 188, 190], "summary": {"covered_lines": 58, "num_statements": 72, "percent_covered": 80.55555555555556, "percent_covered_display": "81", "missing_lines": 14, "excluded_lines": 0, "percent_statements_covered": 80.55555555555556, "percent_statements_covered_display": "81"}, "missing_lines": [68, 135, 141, 145, 146, 147, 150, 152, 154, 156, 168, 181, 182, 183], "excluded_lines": [], "functions": {"TransactionEncoder.__init__": {"executed_lines": [47, 49, 50, 51, 52, 54, 55, 56, 59, 60, 62, 63, 66, 71, 74, 75, 78, 80, 83, 84, 85, 87, 88, 90, 91, 94, 103], "summary": {"covered_lines": 27, "num_statements": 28, "percent_covered": 96.42857142857143, "percent_covered_display": "96", "missing_lines": 1, "excluded_lines": 0, "percent_statements_covered": 96.42857142857143, "percent_statements_covered_display": "96"}, "missing_lines": [68], "excluded_lines": [], "start_line": 14}, "TransactionEncoder.forward": {"executed_lines": [128, 129, 131, 133, 134, 136, 137, 140, 143, 159, 160, 161, 162, 164, 167, 170, 171, 173, 175, 176, 177, 178, 186, 187, 188, 190], "summary": {"covered_lines": 26, "num_statements": 39, "percent_covered": 66.66666666666667, "percent_covered_display": "67", "missing_lines": 13, "excluded_lines": 0, "percent_statements_covered": 66.66666666666667, "percent_statements_covered_display": "67"}, "missing_lines": [135, 141, 145, 146, 147, 150, 152, 154, 156, 168, 181, 182, 183], "excluded_lines": [], "start_line": 105}, "": {"executed_lines": [3, 4, 7, 14, 105], "summary": {"covered_lines": 5, "num_statements": 5, "percent_covered": 100.0, "percent_covered_display": "100", "missing_lines": 0, "excluded_lines": 0, "percent_statements_covered": 100.0, "percent_statements_covered_display": "100"}, "missing_lines": [], "excluded_lines": [], "start_line": 1}}, "classes": {"TransactionEncoder": {"executed_lines": [47, 49, 50, 51, 52, 54, 55, 56, 59, 60, 62, 63, 66, 71, 74, 75, 78, 80, 83, 84, 85, 87, 88, 90, 91, 94, 103, 128, 129, 131, 133, 134, 136, 137, 140, 143, 159, 160, 161, 162, 164, 167, 170, 171, 173, 175, 176, 177, 178, 186, 187, 188, 190], "summary": {"covered_lines": 53, "num_statements": 67, "percent_covered": 79.1044776119403, "percent_covered_display": "79", "missing_lines": 14, "excluded_lines": 0, "percent_statements_covered": 79.1044776119403, "percent_statements_covered_display": "79"}, "missing_lines": [68, 135, 141, 145, 146, 147, 150, 152, 154, 156, 168, 181, 182, 183], "excluded_lines": [], "start_line": 7}, "": {"executed_lines": [3, 4, 7, 14, 105], "summary": {"covered_lines": 5, "num_statements": 5, "percent_covered": 100.0, "percent_covered_display": "100", "missing_lines": 0, "excluded_lines": 0, "percent_statements_covered": 100.0, "percent_statements_covered_display": "100"}, "missing_lines": [], "excluded_lines": [], "start_line": 1}}}, "src/hierarchical/training/__init__.py": {"executed_lines": [3, 4, 5, 7], "summary": {"covered_lines": 4, "num_statements": 4, "percent_covered": 100.0, "percent_covered_display": "100", "missing_lines": 0, "excluded_lines": 0, "percent_statements_covered": 100.0, "percent_statements_covered_display": "100"}, "missing_lines": [], "excluded_lines": [], "functions": {"": {"executed_lines": [3, 4, 5, 7], "summary": {"covered_lines": 4, "num_statements": 4, "percent_covered": 100.0, "percent_covered_display": "100", "missing_lines": 0, "excluded_lines": 0, "percent_statements_covered": 100.0, "percent_statements_covered_display": "100"}, "missing_lines": [], "excluded_lines": [], "start_line": 1}}, "classes": {"": {"executed_lines": [3, 4, 5, 7], "summary": {"covered_lines": 4, "num_statements": 4, "percent_covered": 100.0, "percent_covered_display": "100", "missing_lines": 0, "excluded_lines": 0, "percent_statements_covered": 100.0, "percent_statements_covered_display": "100"}, "missing_lines": [], "excluded_lines": [], "start_line": 1}}}, "src/hierarchical/training/losses.py": {"executed_lines": [3, 4, 7, 18, 19, 22, 23, 25, 26, 28, 31, 48, 49, 51, 52, 53, 56, 60, 65, 67, 69], "summary": {"covered_lines": 21, "num_statements": 21, "percent_covered": 100.0, "percent_covered_display": "100", "missing_lines": 0, "excluded_lines": 0, "percent_statements_covered": 100.0, "percent_statements_covered_display": "100"}, "missing_lines": [], "excluded_lines": [], "functions": {"contrastive_loss": {"executed_lines": [18, 19, 22, 23, 25, 26, 28], "summary": {"covered_lines": 7, "num_statements": 7, "percent_covered": 100.0, "percent_covered_display": "100", "missing_lines": 0, "excluded_lines": 0, "percent_statements_covered": 100.0, "percent_statements_covered_display": "100"}, "missing_lines": [], "excluded_lines": [], "start_line": 7}, "contrastive_loss_with_hard_negatives": {"executed_lines": [48, 49, 51, 52, 53, 56, 60, 65, 67, 69], "summary": {"covered_lines": 10, "num_statements": 10, "percent_covered": 100.0, "percent_covered_display": "100", "missing_lines": 0, "excluded_lines": 0, "percent_statements_covered": 100.0, "percent_statements_covered_display": "100"}, "missing_lines": [], "excluded_lines": [], "start_line": 31}, "": {"executed_lines": [3, 4, 7, 31], "summary": {"covered_lines": 4, "num_statements": 4, "percent_covered": 100.0, "percent_covered_display": "100", "missing_lines": 0, "excluded_lines": 0, "percent_statements_covered": 100.0, "percent_statements_covered_display": "100"}, "missing_lines": [], "excluded_lines": [], "start_line": 1}}, "classes": {"": {"executed_lines": [3, 4, 7, 18, 19, 22, 23, 25, 26, 28, 31, 48, 49, 51, 52, 53, 56, 60, 65, 67, 69], "summary": {"covered_lines": 21, "num_statements": 21, "percent_covered": 100.0, "percent_covered_display": "100", "missing_lines": 0, "excluded_lines": 0, "percent_statements_covered": 100.0, "percent_statements_covered_display": "100"}, "missing_lines": [], "excluded_lines": [], "start_line": 1}}}, "src/hierarchical/training/pretrain.py": {"executed_lines": [3, 4, 5, 6, 7, 8, 10, 11, 12, 13, 14, 15, 16, 19, 20, 21, 26, 27, 28, 29, 30, 31, 32, 34, 37, 40, 41, 43, 44, 46, 47, 48, 51, 53, 54, 55, 58, 64, 65, 67, 68, 71, 78, 110, 111, 112, 113, 114, 116, 117, 118, 121, 122, 125, 126, 128, 129, 130, 131, 132, 134, 137, 138, 139, 142, 145, 153, 211, 212, 214, 218, 224, 227, 228, 229, 231, 233, 242, 250, 254, 264, 266, 269, 270, 271, 273, 274, 275, 276, 278, 279, 280, 281, 284, 285, 286, 287, 289, 294, 295, 296, 297, 298, 300, 301, 303, 304, 307, 308, 310, 311, 313, 331, 332, 333, 335, 336, 341, 343, 344, 345, 346, 347, 348, 350, 351, 352, 353, 355, 356, 359], "summary": {"covered_lines": 131, "num_statements": 207, "percent_covered": 63.28502415458937, "percent_covered_display": "63", "missing_lines": 76, "excluded_lines": 0, "percent_statements_covered": 63.28502415458937, "percent_statements_covered_display": "63"}, "missing_lines": [79, 80, 82, 83, 85, 86, 87, 90, 91, 92, 93, 95, 97, 103, 143, 162, 163, 166, 167, 168, 169, 170, 172, 173, 174, 175, 176, 179, 180, 183, 184, 185, 186, 187, 189, 192, 193, 195, 203, 251, 252, 290, 291, 337, 338, 360, 361, 362, 363, 364, 365, 366, 367, 368, 371, 372, 373, 375, 376, 377, 379, 380, 381, 382, 385, 386, 387, 389, 392, 393, 394, 396, 399, 401, 402, 404], "excluded_lines": [], "functions": {"TwoViewDataset.__init__": {"executed_lines": [41], "summary": {"covered_lines": 1, "num_statements": 1, "percent_covered": 100.0, "percent_covered_display": "100", "missing_lines": 0, "excluded_lines": 0, "percent_statements_covered": 100.0, "percent_statements_covered_display": "100"}, "missing_lines": [], "excluded_lines": [], "start_line": 40}, "TwoViewDataset.__len__": {"executed_lines": [44], "summary": {"covered_lines": 1, "num_statements": 1, "percent_covered": 100.0, "percent_covered_display": "100", "missing_lines": 0, "excluded_lines": 0, "percent_statements_covered": 100.0, "percent_statements_covered_display": "100"}, "missing_lines": [], "excluded_lines": [], "start_line": 43}, "TwoViewDataset.__getitem__": {"executed_lines": [47, 48], "summary": {"covered_lines": 2, "num_statements": 2, "percent_covered": 100.0, "percent_covered_display": "100", "missing_lines": 0, "excluded_lines": 0, "percent_statements_covered": 100.0, "percent_statements_covered_display": "100"}, "missing_lines": [], "excluded_lines": [], "start_line": 46}, "collate_two_views_hierarchical": {"executed_lines": [53, 54, 55], "summary": {"covered_lines": 3, "num_statements": 3, "percent_covered": 100.0, "percent_covered_display": "100", "missing_lines": 0, "excluded_lines": 0, "percent_statements_covered": 100.0, "percent_statements_covered_display": "100"}, "missing_lines": [], "excluded_lines": [], "start_line": 51}, "train": {"executed_lines": [64, 65, 67, 68, 71, 78, 110, 111, 112, 113, 114, 116, 117, 118, 121, 122, 125, 126, 128, 129, 130, 131, 132, 134, 137, 138, 139, 142, 145, 153, 211, 212, 214, 218, 224, 227, 228, 229, 231, 233, 242, 250, 254, 264, 266, 269, 270, 271, 273, 274, 275, 276, 278, 279, 280, 281, 284, 285, 286, 287, 289, 294, 295, 296, 297, 298, 300, 301, 303, 304, 307, 308, 310, 311, 313, 331, 332, 333, 335, 336], "summary": {"covered_lines": 80, "num_statements": 125, "percent_covered": 64.0, "percent_covered_display": "64", "missing_lines": 45, "excluded_lines": 0, "percent_statements_covered": 64.0, "percent_statements_covered_display": "64"}, "missing_lines": [79, 80, 82, 83, 85, 86, 87, 90, 91, 92, 93, 95, 97, 103, 143, 162, 163, 166, 167, 168, 169, 170, 172, 173, 174, 175, 176, 179, 180, 183, 184, 185, 186, 187, 189, 192, 193, 195, 203, 251, 252, 290, 291, 337, 338], "excluded_lines": [], "start_line": 58}, "validate": {"executed_lines": [343, 344, 345, 346, 347, 348, 350, 351, 352, 353, 355, 356], "summary": {"covered_lines": 12, "num_statements": 12, "percent_covered": 100.0, "percent_covered_display": "100", "missing_lines": 0, "excluded_lines": 0, "percent_statements_covered": 100.0, "percent_statements_covered_display": "100"}, "missing_lines": [], "excluded_lines": [], "start_line": 341}, "": {"executed_lines": [3, 4, 5, 6, 7, 8, 10, 11, 12, 13, 14, 15, 16, 19, 20, 21, 26, 27, 28, 29, 30, 31, 32, 34, 37, 40, 43, 46, 51, 58, 341, 359], "summary": {"covered_lines": 32, "num_statements": 63, "percent_covered": 50.79365079365079, "percent_covered_display": "51", "missing_lines": 31, "excluded_lines": 0, "percent_statements_covered": 50.79365079365079, "percent_statements_covered_display": "51"}, "missing_lines": [360, 361, 362, 363, 364, 365, 366, 367, 368, 371, 372, 373, 375, 376, 377, 379, 380, 381, 382, 385, 386, 387, 389, 392, 393, 394, 396, 399, 401, 402, 404], "excluded_lines": [], "start_line": 1}}, "classes": {"TwoViewDataset": {"executed_lines": [41, 44, 47, 48], "summary": {"covered_lines": 4, "num_statements": 4, "percent_covered": 100.0, "percent_covered_display": "100", "missing_lines": 0, "excluded_lines": 0, "percent_statements_covered": 100.0, "percent_statements_covered_display": "100"}, "missing_lines": [], "excluded_lines": [], "start_line": 37}, "": {"executed_lines": [3, 4, 5, 6, 7, 8, 10, 11, 12, 13, 14, 15, 16, 19, 20, 21, 26, 27, 28, 29, 30, 31, 32, 34, 37, 40, 43, 46, 51, 53, 54, 55, 58, 64, 65, 67, 68, 71, 78, 110, 111, 112, 113, 114, 116, 117, 118, 121, 122, 125, 126, 128, 129, 130, 131, 132, 134, 137, 138, 139, 142, 145, 153, 211, 212, 214, 218, 224, 227, 228, 229, 231, 233, 242, 250, 254, 264, 266, 269, 270, 271, 273, 274, 275, 276, 278, 279, 280, 281, 284, 285, 286, 287, 289, 294, 295, 296, 297, 298, 300, 301, 303, 304, 307, 308, 310, 311, 313, 331, 332, 333, 335, 336, 341, 343, 344, 345, 346, 347, 348, 350, 351, 352, 353, 355, 356, 359], "summary": {"covered_lines": 127, "num_statements": 203, "percent_covered": 62.5615763546798, "percent_covered_display": "63", "missing_lines": 76, "excluded_lines": 0, "percent_statements_covered": 62.5615763546798, "percent_statements_covered_display": "63"}, "missing_lines": [79, 80, 82, 83, 85, 86, 87, 90, 91, 92, 93, 95, 97, 103, 143, 162, 163, 166, 167, 168, 169, 170, 172, 173, 174, 175, 176, 179, 180, 183, 184, 185, 186, 187, 189, 192, 193, 195, 203, 251, 252, 290, 291, 337, 338, 360, 361, 362, 363, 364, 365, 366, 367, 368, 371, 372, 373, 375, 376, 377, 379, 380, 381, 382, 385, 386, 387, 389, 392, 393, 394, 396, 399, 401, 402, 404], "excluded_lines": [], "start_line": 1}}}, "src/hierarchical/training/utils.py": {"executed_lines": [3, 4, 5, 6, 8, 11, 20, 22, 25, 26, 27, 29, 30, 32, 33, 34, 36, 37, 38, 40, 43, 53, 54, 55, 56, 57, 58, 60], "summary": {"covered_lines": 28, "num_statements": 28, "percent_covered": 100.0, "percent_covered_display": "100", "missing_lines": 0, "excluded_lines": 0, "percent_statements_covered": 100.0, "percent_statements_covered_display": "100"}, "missing_lines": [], "excluded_lines": [], "functions": {"setup_logger": {"executed_lines": [20, 22, 25, 26, 27, 29, 30, 32, 33, 34, 36, 37, 38, 40], "summary": {"covered_lines": 14, "num_statements": 14, "percent_covered": 100.0, "percent_covered_display": "100", "missing_lines": 0, "excluded_lines": 0, "percent_statements_covered": 100.0, "percent_statements_covered_display": "100"}, "missing_lines": [], "excluded_lines": [], "start_line": 11}, "recursive_to_device": {"executed_lines": [53, 54, 55, 56, 57, 58, 60], "summary": {"covered_lines": 7, "num_statements": 7, "percent_covered": 100.0, "percent_covered_display": "100", "missing_lines": 0, "excluded_lines": 0, "percent_statements_covered": 100.0, "percent_statements_covered_display": "100"}, "missing_lines": [], "excluded_lines": [], "start_line": 43}, "": {"executed_lines": [3, 4, 5, 6, 8, 11, 43], "summary": {"covered_lines": 7, "num_statements": 7, "percent_covered": 100.0, "percent_covered_display": "100", "missing_lines": 0, "excluded_lines": 0, "percent_statements_covered": 100.0, "percent_statements_covered_display": "100"}, "missing_lines": [], "excluded_lines": [], "start_line": 1}}, "classes": {"": {"executed_lines": [3, 4, 5, 6, 8, 11, 20, 22, 25, 26, 27, 29, 30, 32, 33, 34, 36, 37, 38, 40, 43, 53, 54, 55, 56, 57, 58, 60], "summary": {"covered_lines": 28, "num_statements": 28, "percent_covered": 100.0, "percent_covered_display": "100", "missing_lines": 0, "excluded_lines": 0, "percent_statements_covered": 100.0, "percent_statements_covered_display": "100"}, "missing_lines": [], "excluded_lines": [], "start_line": 1}}}}, "totals": {"covered_lines": 1525, "num_statements": 1923, "percent_covered": 79.30317212688507, "percent_covered_display": "79", "missing_lines": 398, "excluded_lines": 0, "percent_statements_covered": 79.30317212688507, "percent_statements_covered_display": "79"}}